<?xml version="1.0" encoding="UTF-8"?>
<testng-results ignored="0" total="1" passed="1" failed="0" skipped="0">
  <reporter-output>
  </reporter-output>
  <suite started-at="2022-07-23T11:40:02 IST" name="Default suite" finished-at="2022-07-23T11:40:28 IST" duration-ms="26104">
    <groups>
    </groups>
    <test started-at="2022-07-23T11:40:02 IST" name="Default test" finished-at="2022-07-23T11:40:28 IST" duration-ms="26104">
      <class name="actitimepom.TC_Settings_0069Test">
        <test-method signature="LoginTest()[pri:0, instance:actitimepom.TC_Settings_0069Test@5552768b]" started-at="2022-07-23T11:40:02 IST" name="LoginTest" finished-at="2022-07-23T11:40:28 IST" duration-ms="26051" status="PASS">
          <reporter-output>
          </reporter-output>
        </test-method> <!-- LoginTest -->
      </class> <!-- actitimepom.TC_Settings_0069Test -->
    </test> <!-- Default test -->
  </suite> <!-- Default suite -->
</testng-results>
